19:15:35 **** Incremental Build of configuration Debug for project Project2 ****
make all 
Building file: ../project2.c
Invoking: AVR Compiler
avr-gcc -Wall -g2 -gstabs -O0 -fpack-struct -fshort-enums -ffunction-sections -fdata-sections -std=gnu99 -funsigned-char -funsigned-bitfields -mmcu=atmega32 -DF_CPU=16000000UL -MMD -MP -MF"project2.d" -MT"project2.o" -c -o "project2.o" "../project2.c"
In file included from ../project2.c:3:
c:/winavr-20100110/lib/gcc/../../avr/include/util/delay.h:90:3: warning: #warning "Compiler optimizations disabled; functions from <util/delay.h> won't work as designed"
Finished building: ../project2.c
 
Building target: Project2.elf
Invoking: AVR C Linker
avr-gcc -Wl,-Map,Project2.map -mmcu=atmega32 -o "Project2.elf"  ./project2.o   
Finished building target: Project2.elf
 
Invoking: AVR Create Extended Listing
avr-objdump -h -S Project2.elf  >"Project2.lss"
Finished building: Project2.lss
 
Invoking: Print Size
avr-size --format=avr --mcu=atmega32 Project2.elf
AVR Memory Usage
----------------
Device: atmega32

Program:   10168 bytes (31.0% Full)
(.text + .data + .bootloader)

Data:         16 bytes (0.8% Full)
(.data + .bss + .noinit)


Finished building: sizedummy
 
